ARM GAS  C:\Users\wup15j\AppData\Local\Temp\ccTGUKie.s 			page 1


   1              		.cpu cortex-m3
   2              		.arch armv7-m
   3              		.fpu softvfp
   4              		.eabi_attribute 20, 1
   5              		.eabi_attribute 21, 1
   6              		.eabi_attribute 23, 3
   7              		.eabi_attribute 24, 1
   8              		.eabi_attribute 25, 1
   9              		.eabi_attribute 26, 1
  10              		.eabi_attribute 30, 1
  11              		.eabi_attribute 34, 1
  12              		.eabi_attribute 18, 4
  13              		.file	"freertos.c"
  14              		.section	.rodata.str1.4,"aMS",%progbits,1
  15              		.align	2
  16              	.LC0:
  17 0000 64656661 		.ascii	"defaultTask\000"
  17      756C7454 
  17      61736B00 
  18              		.text
  19              	.Ltext0:
  20              		.cfi_sections	.debug_frame
  21              		.section	.text.StartDefaultTask,"ax",%progbits
  22              		.align	1
  23              		.global	StartDefaultTask
  24              		.syntax unified
  25              		.thumb
  26              		.thumb_func
  28              	StartDefaultTask:
  29              	.LFB71:
  30              		.file 1 "Src/freertos.c"
   1:Src/freertos.c **** /* USER CODE BEGIN Header */
   2:Src/freertos.c **** /**
   3:Src/freertos.c ****   ******************************************************************************
   4:Src/freertos.c ****   * File Name          : freertos.c
   5:Src/freertos.c ****   * Description        : Code for freertos applications
   6:Src/freertos.c ****   ******************************************************************************
   7:Src/freertos.c ****   * @attention
   8:Src/freertos.c ****   *
   9:Src/freertos.c ****   * <h2><center>&copy; Copyright (c) 2024 STMicroelectronics.
  10:Src/freertos.c ****   * All rights reserved.</center></h2>
  11:Src/freertos.c ****   *
  12:Src/freertos.c ****   * This software component is licensed by ST under Ultimate Liberty license
  13:Src/freertos.c ****   * SLA0044, the "License"; You may not use this file except in compliance with
  14:Src/freertos.c ****   * the License. You may obtain a copy of the License at:
  15:Src/freertos.c ****   *                             www.st.com/SLA0044
  16:Src/freertos.c ****   *
  17:Src/freertos.c ****   ******************************************************************************
  18:Src/freertos.c ****   */
  19:Src/freertos.c **** /* USER CODE END Header */
  20:Src/freertos.c **** 
  21:Src/freertos.c **** /* Includes ------------------------------------------------------------------*/
  22:Src/freertos.c **** #include "FreeRTOS.h"
  23:Src/freertos.c **** #include "task.h"
  24:Src/freertos.c **** #include "main.h"
  25:Src/freertos.c **** #include "cmsis_os.h"
  26:Src/freertos.c **** 
ARM GAS  C:\Users\wup15j\AppData\Local\Temp\ccTGUKie.s 			page 2


  27:Src/freertos.c **** /* Private includes ----------------------------------------------------------*/
  28:Src/freertos.c **** /* USER CODE BEGIN Includes */
  29:Src/freertos.c **** 
  30:Src/freertos.c **** /* USER CODE END Includes */
  31:Src/freertos.c **** 
  32:Src/freertos.c **** /* Private typedef -----------------------------------------------------------*/
  33:Src/freertos.c **** /* USER CODE BEGIN PTD */
  34:Src/freertos.c **** 
  35:Src/freertos.c **** /* USER CODE END PTD */
  36:Src/freertos.c **** 
  37:Src/freertos.c **** /* Private define ------------------------------------------------------------*/
  38:Src/freertos.c **** /* USER CODE BEGIN PD */
  39:Src/freertos.c **** 
  40:Src/freertos.c **** /* USER CODE END PD */
  41:Src/freertos.c **** 
  42:Src/freertos.c **** /* Private macro -------------------------------------------------------------*/
  43:Src/freertos.c **** /* USER CODE BEGIN PM */
  44:Src/freertos.c **** 
  45:Src/freertos.c **** /* USER CODE END PM */
  46:Src/freertos.c **** 
  47:Src/freertos.c **** /* Private variables ---------------------------------------------------------*/
  48:Src/freertos.c **** /* USER CODE BEGIN Variables */
  49:Src/freertos.c **** 
  50:Src/freertos.c **** /* USER CODE END Variables */
  51:Src/freertos.c **** osThreadId defaultTaskHandle;
  52:Src/freertos.c **** 
  53:Src/freertos.c **** /* Private function prototypes -----------------------------------------------*/
  54:Src/freertos.c **** /* USER CODE BEGIN FunctionPrototypes */
  55:Src/freertos.c **** 
  56:Src/freertos.c **** /* USER CODE END FunctionPrototypes */
  57:Src/freertos.c **** 
  58:Src/freertos.c **** void StartDefaultTask(void const * argument);
  59:Src/freertos.c **** 
  60:Src/freertos.c **** void MX_FREERTOS_Init(void); /* (MISRA C 2004 rule 8.1) */
  61:Src/freertos.c **** 
  62:Src/freertos.c **** /**
  63:Src/freertos.c ****   * @brief  FreeRTOS initialization
  64:Src/freertos.c ****   * @param  None
  65:Src/freertos.c ****   * @retval None
  66:Src/freertos.c ****   */
  67:Src/freertos.c **** void MX_FREERTOS_Init(void) {
  68:Src/freertos.c ****   /* USER CODE BEGIN Init */
  69:Src/freertos.c **** 
  70:Src/freertos.c ****   /* USER CODE END Init */
  71:Src/freertos.c **** 
  72:Src/freertos.c ****   /* USER CODE BEGIN RTOS_MUTEX */
  73:Src/freertos.c ****   /* add mutexes, ... */
  74:Src/freertos.c ****   /* USER CODE END RTOS_MUTEX */
  75:Src/freertos.c **** 
  76:Src/freertos.c ****   /* USER CODE BEGIN RTOS_SEMAPHORES */
  77:Src/freertos.c ****   /* add semaphores, ... */
  78:Src/freertos.c ****   /* USER CODE END RTOS_SEMAPHORES */
  79:Src/freertos.c **** 
  80:Src/freertos.c ****   /* USER CODE BEGIN RTOS_TIMERS */
  81:Src/freertos.c ****   /* start timers, add new ones, ... */
  82:Src/freertos.c ****   /* USER CODE END RTOS_TIMERS */
  83:Src/freertos.c **** 
ARM GAS  C:\Users\wup15j\AppData\Local\Temp\ccTGUKie.s 			page 3


  84:Src/freertos.c ****   /* USER CODE BEGIN RTOS_QUEUES */
  85:Src/freertos.c ****   /* add queues, ... */
  86:Src/freertos.c ****   /* USER CODE END RTOS_QUEUES */
  87:Src/freertos.c **** 
  88:Src/freertos.c ****   /* Create the thread(s) */
  89:Src/freertos.c ****   /* definition and creation of defaultTask */
  90:Src/freertos.c ****   osThreadDef(defaultTask, StartDefaultTask, osPriorityNormal, 0, 128);
  91:Src/freertos.c ****   defaultTaskHandle = osThreadCreate(osThread(defaultTask), NULL);
  92:Src/freertos.c **** 
  93:Src/freertos.c ****   /* USER CODE BEGIN RTOS_THREADS */
  94:Src/freertos.c ****   /* add threads, ... */
  95:Src/freertos.c ****   /* USER CODE END RTOS_THREADS */
  96:Src/freertos.c **** 
  97:Src/freertos.c **** }
  98:Src/freertos.c **** 
  99:Src/freertos.c **** /* USER CODE BEGIN Header_StartDefaultTask */
 100:Src/freertos.c **** /**
 101:Src/freertos.c ****   * @brief  Function implementing the defaultTask thread.
 102:Src/freertos.c ****   * @param  argument: Not used
 103:Src/freertos.c ****   * @retval None
 104:Src/freertos.c ****   */
 105:Src/freertos.c **** /* USER CODE END Header_StartDefaultTask */
 106:Src/freertos.c **** void StartDefaultTask(void const * argument)
 107:Src/freertos.c **** {
  31              		.loc 1 107 1 view -0
  32              		.cfi_startproc
  33              		@ Volatile: function does not return.
  34              		@ args = 0, pretend = 0, frame = 0
  35              		@ frame_needed = 0, uses_anonymous_args = 0
  36              	.LVL0:
  37              		.loc 1 107 1 is_stmt 0 view .LVU1
  38 0000 08B5     		push	{r3, lr}
  39              	.LCFI0:
  40              		.cfi_def_cfa_offset 8
  41              		.cfi_offset 3, -8
  42              		.cfi_offset 14, -4
  43              	.LVL1:
  44              	.L2:
 108:Src/freertos.c **** 
 109:Src/freertos.c ****   /* USER CODE BEGIN StartDefaultTask */
 110:Src/freertos.c ****   /* Infinite loop */
 111:Src/freertos.c ****   for(;;)
  45              		.loc 1 111 3 is_stmt 1 discriminator 1 view .LVU2
 112:Src/freertos.c ****   {
 113:Src/freertos.c ****     osDelay(1);
  46              		.loc 1 113 5 discriminator 1 view .LVU3
  47 0002 0120     		movs	r0, #1
  48 0004 FFF7FEFF 		bl	osDelay
  49              	.LVL2:
 111:Src/freertos.c ****   {
  50              		.loc 1 111 8 discriminator 1 view .LVU4
  51 0008 FBE7     		b	.L2
  52              		.cfi_endproc
  53              	.LFE71:
  55              		.section	.text.MX_FREERTOS_Init,"ax",%progbits
  56              		.align	1
  57              		.global	MX_FREERTOS_Init
ARM GAS  C:\Users\wup15j\AppData\Local\Temp\ccTGUKie.s 			page 4


  58              		.syntax unified
  59              		.thumb
  60              		.thumb_func
  62              	MX_FREERTOS_Init:
  63              	.LFB70:
  67:Src/freertos.c ****   /* USER CODE BEGIN Init */
  64              		.loc 1 67 29 view -0
  65              		.cfi_startproc
  66              		@ args = 0, pretend = 0, frame = 24
  67              		@ frame_needed = 0, uses_anonymous_args = 0
  68 0000 10B5     		push	{r4, lr}
  69              	.LCFI1:
  70              		.cfi_def_cfa_offset 8
  71              		.cfi_offset 4, -8
  72              		.cfi_offset 14, -4
  73 0002 86B0     		sub	sp, sp, #24
  74              	.LCFI2:
  75              		.cfi_def_cfa_offset 32
  90:Src/freertos.c ****   defaultTaskHandle = osThreadCreate(osThread(defaultTask), NULL);
  76              		.loc 1 90 3 view .LVU6
  77 0004 0DF1040C 		add	ip, sp, #4
  78 0008 074C     		ldr	r4, .L6
  79 000a 0FCC     		ldmia	r4!, {r0, r1, r2, r3}
  80 000c ACE80F00 		stmia	ip!, {r0, r1, r2, r3}
  81 0010 2368     		ldr	r3, [r4]
  82 0012 CCF80030 		str	r3, [ip]
  91:Src/freertos.c **** 
  83              		.loc 1 91 3 view .LVU7
  91:Src/freertos.c **** 
  84              		.loc 1 91 23 is_stmt 0 view .LVU8
  85 0016 0021     		movs	r1, #0
  86 0018 01A8     		add	r0, sp, #4
  87 001a FFF7FEFF 		bl	osThreadCreate
  88              	.LVL3:
  91:Src/freertos.c **** 
  89              		.loc 1 91 21 view .LVU9
  90 001e 034B     		ldr	r3, .L6+4
  91 0020 1860     		str	r0, [r3]
  97:Src/freertos.c **** 
  92              		.loc 1 97 1 view .LVU10
  93 0022 06B0     		add	sp, sp, #24
  94              	.LCFI3:
  95              		.cfi_def_cfa_offset 8
  96              		@ sp needed
  97 0024 10BD     		pop	{r4, pc}
  98              	.L7:
  99 0026 00BF     		.align	2
 100              	.L6:
 101 0028 00000000 		.word	.LANCHOR0
 102 002c 00000000 		.word	.LANCHOR1
 103              		.cfi_endproc
 104              	.LFE70:
 106              		.global	defaultTaskHandle
 107              		.section	.rodata
 108              		.align	2
 109              		.set	.LANCHOR0,. + 0
 110              	.LC2:
ARM GAS  C:\Users\wup15j\AppData\Local\Temp\ccTGUKie.s 			page 5


 111 0000 00000000 		.word	.LC0
 112 0004 00000000 		.word	StartDefaultTask
 113 0008 0000     		.short	0
 114 000a 0000     		.space	2
 115 000c 00000000 		.word	0
 116 0010 80000000 		.word	128
 117              		.section	.bss.defaultTaskHandle,"aw",%nobits
 118              		.align	2
 119              		.set	.LANCHOR1,. + 0
 122              	defaultTaskHandle:
 123 0000 00000000 		.space	4
 124              		.text
 125              	.Letext0:
 126              		.file 2 "c:\\program files (x86)\\gnu arm embedded toolchain\\10 2021.10\\arm-none-eabi\\include\\
 127              		.file 3 "c:\\program files (x86)\\gnu arm embedded toolchain\\10 2021.10\\arm-none-eabi\\include\\
 128              		.file 4 "Middlewares/Third_Party/FreeRTOS/Source/include/task.h"
 129              		.file 5 "Middlewares/Third_Party/FreeRTOS/Source/CMSIS_RTOS/cmsis_os.h"
ARM GAS  C:\Users\wup15j\AppData\Local\Temp\ccTGUKie.s 			page 6


DEFINED SYMBOLS
                            *ABS*:00000000 freertos.c
C:\Users\wup15j\AppData\Local\Temp\ccTGUKie.s:15     .rodata.str1.4:00000000 $d
C:\Users\wup15j\AppData\Local\Temp\ccTGUKie.s:22     .text.StartDefaultTask:00000000 $t
C:\Users\wup15j\AppData\Local\Temp\ccTGUKie.s:28     .text.StartDefaultTask:00000000 StartDefaultTask
C:\Users\wup15j\AppData\Local\Temp\ccTGUKie.s:56     .text.MX_FREERTOS_Init:00000000 $t
C:\Users\wup15j\AppData\Local\Temp\ccTGUKie.s:62     .text.MX_FREERTOS_Init:00000000 MX_FREERTOS_Init
C:\Users\wup15j\AppData\Local\Temp\ccTGUKie.s:101    .text.MX_FREERTOS_Init:00000028 $d
C:\Users\wup15j\AppData\Local\Temp\ccTGUKie.s:122    .bss.defaultTaskHandle:00000000 defaultTaskHandle
C:\Users\wup15j\AppData\Local\Temp\ccTGUKie.s:108    .rodata:00000000 $d
C:\Users\wup15j\AppData\Local\Temp\ccTGUKie.s:118    .bss.defaultTaskHandle:00000000 $d

UNDEFINED SYMBOLS
osDelay
osThreadCreate
