ARM GAS  C:\Users\wup15j\AppData\Local\Temp\ccccTJ5p.s 			page 1


   1              		.cpu cortex-m3
   2              		.arch armv7-m
   3              		.fpu softvfp
   4              		.eabi_attribute 20, 1
   5              		.eabi_attribute 21, 1
   6              		.eabi_attribute 23, 3
   7              		.eabi_attribute 24, 1
   8              		.eabi_attribute 25, 1
   9              		.eabi_attribute 26, 1
  10              		.eabi_attribute 30, 1
  11              		.eabi_attribute 34, 1
  12              		.eabi_attribute 18, 4
  13              		.file	"tim.c"
  14              		.text
  15              	.Ltext0:
  16              		.cfi_sections	.debug_frame
  17              		.section	.text.MX_TIM2_Init,"ax",%progbits
  18              		.align	1
  19              		.global	MX_TIM2_Init
  20              		.syntax unified
  21              		.thumb
  22              		.thumb_func
  24              	MX_TIM2_Init:
  25              	.LFB65:
  26              		.file 1 "Src/tim.c"
   1:Src/tim.c     **** /**
   2:Src/tim.c     ****   ******************************************************************************
   3:Src/tim.c     ****   * File Name          : TIM.c
   4:Src/tim.c     ****   * Description        : This file provides code for the configuration
   5:Src/tim.c     ****   *                      of the TIM instances.
   6:Src/tim.c     ****   ******************************************************************************
   7:Src/tim.c     ****   * @attention
   8:Src/tim.c     ****   *
   9:Src/tim.c     ****   * <h2><center>&copy; Copyright (c) 2024 STMicroelectronics.
  10:Src/tim.c     ****   * All rights reserved.</center></h2>
  11:Src/tim.c     ****   *
  12:Src/tim.c     ****   * This software component is licensed by ST under Ultimate Liberty license
  13:Src/tim.c     ****   * SLA0044, the "License"; You may not use this file except in compliance with
  14:Src/tim.c     ****   * the License. You may obtain a copy of the License at:
  15:Src/tim.c     ****   *                             www.st.com/SLA0044
  16:Src/tim.c     ****   *
  17:Src/tim.c     ****   ******************************************************************************
  18:Src/tim.c     ****   */
  19:Src/tim.c     **** 
  20:Src/tim.c     **** /* Includes ------------------------------------------------------------------*/
  21:Src/tim.c     **** #include "tim.h"
  22:Src/tim.c     **** 
  23:Src/tim.c     **** /* USER CODE BEGIN 0 */
  24:Src/tim.c     **** 
  25:Src/tim.c     **** /* USER CODE END 0 */
  26:Src/tim.c     **** 
  27:Src/tim.c     **** TIM_HandleTypeDef htim2;
  28:Src/tim.c     **** 
  29:Src/tim.c     **** /* TIM2 init function */
  30:Src/tim.c     **** void MX_TIM2_Init(void)
  31:Src/tim.c     **** {
  27              		.loc 1 31 1 view -0
ARM GAS  C:\Users\wup15j\AppData\Local\Temp\ccccTJ5p.s 			page 2


  28              		.cfi_startproc
  29              		@ args = 0, pretend = 0, frame = 24
  30              		@ frame_needed = 0, uses_anonymous_args = 0
  31 0000 00B5     		push	{lr}
  32              	.LCFI0:
  33              		.cfi_def_cfa_offset 4
  34              		.cfi_offset 14, -4
  35 0002 87B0     		sub	sp, sp, #28
  36              	.LCFI1:
  37              		.cfi_def_cfa_offset 32
  32:Src/tim.c     ****   TIM_ClockConfigTypeDef sClockSourceConfig = {0};
  38              		.loc 1 32 3 view .LVU1
  39              		.loc 1 32 26 is_stmt 0 view .LVU2
  40 0004 0023     		movs	r3, #0
  41 0006 0293     		str	r3, [sp, #8]
  42 0008 0393     		str	r3, [sp, #12]
  43 000a 0493     		str	r3, [sp, #16]
  44 000c 0593     		str	r3, [sp, #20]
  33:Src/tim.c     ****   TIM_MasterConfigTypeDef sMasterConfig = {0};
  45              		.loc 1 33 3 is_stmt 1 view .LVU3
  46              		.loc 1 33 27 is_stmt 0 view .LVU4
  47 000e 0093     		str	r3, [sp]
  48 0010 0193     		str	r3, [sp, #4]
  34:Src/tim.c     **** 
  35:Src/tim.c     ****   htim2.Instance = TIM2;
  49              		.loc 1 35 3 is_stmt 1 view .LVU5
  50              		.loc 1 35 18 is_stmt 0 view .LVU6
  51 0012 1648     		ldr	r0, .L9
  52 0014 4FF08042 		mov	r2, #1073741824
  53 0018 0260     		str	r2, [r0]
  36:Src/tim.c     ****   htim2.Init.Prescaler = 35999;
  54              		.loc 1 36 3 is_stmt 1 view .LVU7
  55              		.loc 1 36 24 is_stmt 0 view .LVU8
  56 001a 48F69F42 		movw	r2, #35999
  57 001e 4260     		str	r2, [r0, #4]
  37:Src/tim.c     ****   htim2.Init.CounterMode = TIM_COUNTERMODE_UP;
  58              		.loc 1 37 3 is_stmt 1 view .LVU9
  59              		.loc 1 37 26 is_stmt 0 view .LVU10
  60 0020 8360     		str	r3, [r0, #8]
  38:Src/tim.c     ****   htim2.Init.Period = 19999;
  61              		.loc 1 38 3 is_stmt 1 view .LVU11
  62              		.loc 1 38 21 is_stmt 0 view .LVU12
  63 0022 44F61F62 		movw	r2, #19999
  64 0026 C260     		str	r2, [r0, #12]
  39:Src/tim.c     ****   htim2.Init.ClockDivision = TIM_CLOCKDIVISION_DIV1;
  65              		.loc 1 39 3 is_stmt 1 view .LVU13
  66              		.loc 1 39 28 is_stmt 0 view .LVU14
  67 0028 0361     		str	r3, [r0, #16]
  40:Src/tim.c     ****   htim2.Init.AutoReloadPreload = TIM_AUTORELOAD_PRELOAD_ENABLE;
  68              		.loc 1 40 3 is_stmt 1 view .LVU15
  69              		.loc 1 40 32 is_stmt 0 view .LVU16
  70 002a 8023     		movs	r3, #128
  71 002c 8361     		str	r3, [r0, #24]
  41:Src/tim.c     ****   if (HAL_TIM_Base_Init(&htim2) != HAL_OK)
  72              		.loc 1 41 3 is_stmt 1 view .LVU17
  73              		.loc 1 41 7 is_stmt 0 view .LVU18
  74 002e FFF7FEFF 		bl	HAL_TIM_Base_Init
ARM GAS  C:\Users\wup15j\AppData\Local\Temp\ccccTJ5p.s 			page 3


  75              	.LVL0:
  76              		.loc 1 41 6 view .LVU19
  77 0032 90B9     		cbnz	r0, .L6
  78              	.L2:
  42:Src/tim.c     ****   {
  43:Src/tim.c     ****     Error_Handler();
  44:Src/tim.c     ****   }
  45:Src/tim.c     ****   sClockSourceConfig.ClockSource = TIM_CLOCKSOURCE_INTERNAL;
  79              		.loc 1 45 3 is_stmt 1 view .LVU20
  80              		.loc 1 45 34 is_stmt 0 view .LVU21
  81 0034 4FF48053 		mov	r3, #4096
  82 0038 0293     		str	r3, [sp, #8]
  46:Src/tim.c     ****   if (HAL_TIM_ConfigClockSource(&htim2, &sClockSourceConfig) != HAL_OK)
  83              		.loc 1 46 3 is_stmt 1 view .LVU22
  84              		.loc 1 46 7 is_stmt 0 view .LVU23
  85 003a 02A9     		add	r1, sp, #8
  86 003c 0B48     		ldr	r0, .L9
  87 003e FFF7FEFF 		bl	HAL_TIM_ConfigClockSource
  88              	.LVL1:
  89              		.loc 1 46 6 view .LVU24
  90 0042 68B9     		cbnz	r0, .L7
  91              	.L3:
  47:Src/tim.c     ****   {
  48:Src/tim.c     ****     Error_Handler();
  49:Src/tim.c     ****   }
  50:Src/tim.c     ****   sMasterConfig.MasterOutputTrigger = TIM_TRGO_RESET;
  92              		.loc 1 50 3 is_stmt 1 view .LVU25
  93              		.loc 1 50 37 is_stmt 0 view .LVU26
  94 0044 0023     		movs	r3, #0
  95 0046 0093     		str	r3, [sp]
  51:Src/tim.c     ****   sMasterConfig.MasterSlaveMode = TIM_MASTERSLAVEMODE_DISABLE;
  96              		.loc 1 51 3 is_stmt 1 view .LVU27
  97              		.loc 1 51 33 is_stmt 0 view .LVU28
  98 0048 0193     		str	r3, [sp, #4]
  52:Src/tim.c     ****   if (HAL_TIMEx_MasterConfigSynchronization(&htim2, &sMasterConfig) != HAL_OK)
  99              		.loc 1 52 3 is_stmt 1 view .LVU29
 100              		.loc 1 52 7 is_stmt 0 view .LVU30
 101 004a 6946     		mov	r1, sp
 102 004c 0748     		ldr	r0, .L9
 103 004e FFF7FEFF 		bl	HAL_TIMEx_MasterConfigSynchronization
 104              	.LVL2:
 105              		.loc 1 52 6 view .LVU31
 106 0052 40B9     		cbnz	r0, .L8
 107              	.L1:
  53:Src/tim.c     ****   {
  54:Src/tim.c     ****     Error_Handler();
  55:Src/tim.c     ****   }
  56:Src/tim.c     **** 
  57:Src/tim.c     **** }
 108              		.loc 1 57 1 view .LVU32
 109 0054 07B0     		add	sp, sp, #28
 110              	.LCFI2:
 111              		.cfi_remember_state
 112              		.cfi_def_cfa_offset 4
 113              		@ sp needed
 114 0056 5DF804FB 		ldr	pc, [sp], #4
 115              	.L6:
ARM GAS  C:\Users\wup15j\AppData\Local\Temp\ccccTJ5p.s 			page 4


 116              	.LCFI3:
 117              		.cfi_restore_state
  43:Src/tim.c     ****   }
 118              		.loc 1 43 5 is_stmt 1 view .LVU33
 119 005a FFF7FEFF 		bl	Error_Handler
 120              	.LVL3:
 121 005e E9E7     		b	.L2
 122              	.L7:
  48:Src/tim.c     ****   }
 123              		.loc 1 48 5 view .LVU34
 124 0060 FFF7FEFF 		bl	Error_Handler
 125              	.LVL4:
 126 0064 EEE7     		b	.L3
 127              	.L8:
  54:Src/tim.c     ****   }
 128              		.loc 1 54 5 view .LVU35
 129 0066 FFF7FEFF 		bl	Error_Handler
 130              	.LVL5:
 131              		.loc 1 57 1 is_stmt 0 view .LVU36
 132 006a F3E7     		b	.L1
 133              	.L10:
 134              		.align	2
 135              	.L9:
 136 006c 00000000 		.word	.LANCHOR0
 137              		.cfi_endproc
 138              	.LFE65:
 140              		.section	.text.HAL_TIM_Base_MspInit,"ax",%progbits
 141              		.align	1
 142              		.global	HAL_TIM_Base_MspInit
 143              		.syntax unified
 144              		.thumb
 145              		.thumb_func
 147              	HAL_TIM_Base_MspInit:
 148              	.LVL6:
 149              	.LFB66:
  58:Src/tim.c     **** 
  59:Src/tim.c     **** void HAL_TIM_Base_MspInit(TIM_HandleTypeDef* tim_baseHandle)
  60:Src/tim.c     **** {
 150              		.loc 1 60 1 is_stmt 1 view -0
 151              		.cfi_startproc
 152              		@ args = 0, pretend = 0, frame = 8
 153              		@ frame_needed = 0, uses_anonymous_args = 0
  61:Src/tim.c     **** 
  62:Src/tim.c     ****   if(tim_baseHandle->Instance==TIM2)
 154              		.loc 1 62 3 view .LVU38
 155              		.loc 1 62 20 is_stmt 0 view .LVU39
 156 0000 0368     		ldr	r3, [r0]
 157              		.loc 1 62 5 view .LVU40
 158 0002 B3F1804F 		cmp	r3, #1073741824
 159 0006 00D0     		beq	.L17
 160 0008 7047     		bx	lr
 161              	.L17:
  60:Src/tim.c     **** 
 162              		.loc 1 60 1 view .LVU41
 163 000a 00B5     		push	{lr}
 164              	.LCFI4:
 165              		.cfi_def_cfa_offset 4
ARM GAS  C:\Users\wup15j\AppData\Local\Temp\ccccTJ5p.s 			page 5


 166              		.cfi_offset 14, -4
 167 000c 83B0     		sub	sp, sp, #12
 168              	.LCFI5:
 169              		.cfi_def_cfa_offset 16
  63:Src/tim.c     ****   {
  64:Src/tim.c     ****   /* USER CODE BEGIN TIM2_MspInit 0 */
  65:Src/tim.c     **** 
  66:Src/tim.c     ****   /* USER CODE END TIM2_MspInit 0 */
  67:Src/tim.c     ****     /* TIM2 clock enable */
  68:Src/tim.c     ****     __HAL_RCC_TIM2_CLK_ENABLE();
 170              		.loc 1 68 5 is_stmt 1 view .LVU42
 171              	.LBB2:
 172              		.loc 1 68 5 view .LVU43
 173              		.loc 1 68 5 view .LVU44
 174 000e 03F50433 		add	r3, r3, #135168
 175 0012 DA69     		ldr	r2, [r3, #28]
 176 0014 42F00102 		orr	r2, r2, #1
 177 0018 DA61     		str	r2, [r3, #28]
 178              		.loc 1 68 5 view .LVU45
 179 001a DB69     		ldr	r3, [r3, #28]
 180 001c 03F00103 		and	r3, r3, #1
 181 0020 0193     		str	r3, [sp, #4]
 182              		.loc 1 68 5 view .LVU46
 183 0022 019B     		ldr	r3, [sp, #4]
 184              	.LBE2:
 185              		.loc 1 68 5 view .LVU47
  69:Src/tim.c     **** 
  70:Src/tim.c     ****     /* TIM2 interrupt Init */
  71:Src/tim.c     ****     HAL_NVIC_SetPriority(TIM2_IRQn, 15, 0);
 186              		.loc 1 71 5 view .LVU48
 187 0024 0022     		movs	r2, #0
 188 0026 0F21     		movs	r1, #15
 189 0028 1C20     		movs	r0, #28
 190              	.LVL7:
 191              		.loc 1 71 5 is_stmt 0 view .LVU49
 192 002a FFF7FEFF 		bl	HAL_NVIC_SetPriority
 193              	.LVL8:
  72:Src/tim.c     ****     HAL_NVIC_EnableIRQ(TIM2_IRQn);
 194              		.loc 1 72 5 is_stmt 1 view .LVU50
 195 002e 1C20     		movs	r0, #28
 196 0030 FFF7FEFF 		bl	HAL_NVIC_EnableIRQ
 197              	.LVL9:
  73:Src/tim.c     ****   /* USER CODE BEGIN TIM2_MspInit 1 */
  74:Src/tim.c     **** 
  75:Src/tim.c     ****   /* USER CODE END TIM2_MspInit 1 */
  76:Src/tim.c     ****   }
  77:Src/tim.c     **** }
 198              		.loc 1 77 1 is_stmt 0 view .LVU51
 199 0034 03B0     		add	sp, sp, #12
 200              	.LCFI6:
 201              		.cfi_def_cfa_offset 4
 202              		@ sp needed
 203 0036 5DF804FB 		ldr	pc, [sp], #4
 204              		.cfi_endproc
 205              	.LFE66:
 207              		.section	.text.HAL_TIM_Base_MspDeInit,"ax",%progbits
 208              		.align	1
ARM GAS  C:\Users\wup15j\AppData\Local\Temp\ccccTJ5p.s 			page 6


 209              		.global	HAL_TIM_Base_MspDeInit
 210              		.syntax unified
 211              		.thumb
 212              		.thumb_func
 214              	HAL_TIM_Base_MspDeInit:
 215              	.LVL10:
 216              	.LFB67:
  78:Src/tim.c     **** 
  79:Src/tim.c     **** void HAL_TIM_Base_MspDeInit(TIM_HandleTypeDef* tim_baseHandle)
  80:Src/tim.c     **** {
 217              		.loc 1 80 1 is_stmt 1 view -0
 218              		.cfi_startproc
 219              		@ args = 0, pretend = 0, frame = 0
 220              		@ frame_needed = 0, uses_anonymous_args = 0
 221              		.loc 1 80 1 is_stmt 0 view .LVU53
 222 0000 08B5     		push	{r3, lr}
 223              	.LCFI7:
 224              		.cfi_def_cfa_offset 8
 225              		.cfi_offset 3, -8
 226              		.cfi_offset 14, -4
  81:Src/tim.c     **** 
  82:Src/tim.c     ****   if(tim_baseHandle->Instance==TIM2)
 227              		.loc 1 82 3 is_stmt 1 view .LVU54
 228              		.loc 1 82 20 is_stmt 0 view .LVU55
 229 0002 0368     		ldr	r3, [r0]
 230              		.loc 1 82 5 view .LVU56
 231 0004 B3F1804F 		cmp	r3, #1073741824
 232 0008 00D0     		beq	.L21
 233              	.LVL11:
 234              	.L18:
  83:Src/tim.c     ****   {
  84:Src/tim.c     ****   /* USER CODE BEGIN TIM2_MspDeInit 0 */
  85:Src/tim.c     **** 
  86:Src/tim.c     ****   /* USER CODE END TIM2_MspDeInit 0 */
  87:Src/tim.c     ****     /* Peripheral clock disable */
  88:Src/tim.c     ****     __HAL_RCC_TIM2_CLK_DISABLE();
  89:Src/tim.c     **** 
  90:Src/tim.c     ****     /* TIM2 interrupt Deinit */
  91:Src/tim.c     ****     HAL_NVIC_DisableIRQ(TIM2_IRQn);
  92:Src/tim.c     ****   /* USER CODE BEGIN TIM2_MspDeInit 1 */
  93:Src/tim.c     **** 
  94:Src/tim.c     ****   /* USER CODE END TIM2_MspDeInit 1 */
  95:Src/tim.c     ****   }
  96:Src/tim.c     **** }
 235              		.loc 1 96 1 view .LVU57
 236 000a 08BD     		pop	{r3, pc}
 237              	.LVL12:
 238              	.L21:
  88:Src/tim.c     **** 
 239              		.loc 1 88 5 is_stmt 1 view .LVU58
 240 000c 044A     		ldr	r2, .L22
 241 000e D369     		ldr	r3, [r2, #28]
 242 0010 23F00103 		bic	r3, r3, #1
 243 0014 D361     		str	r3, [r2, #28]
  91:Src/tim.c     ****   /* USER CODE BEGIN TIM2_MspDeInit 1 */
 244              		.loc 1 91 5 view .LVU59
 245 0016 1C20     		movs	r0, #28
ARM GAS  C:\Users\wup15j\AppData\Local\Temp\ccccTJ5p.s 			page 7


 246              	.LVL13:
  91:Src/tim.c     ****   /* USER CODE BEGIN TIM2_MspDeInit 1 */
 247              		.loc 1 91 5 is_stmt 0 view .LVU60
 248 0018 FFF7FEFF 		bl	HAL_NVIC_DisableIRQ
 249              	.LVL14:
 250              		.loc 1 96 1 view .LVU61
 251 001c F5E7     		b	.L18
 252              	.L23:
 253 001e 00BF     		.align	2
 254              	.L22:
 255 0020 00100240 		.word	1073876992
 256              		.cfi_endproc
 257              	.LFE67:
 259              		.global	htim2
 260              		.section	.bss.htim2,"aw",%nobits
 261              		.align	2
 262              		.set	.LANCHOR0,. + 0
 265              	htim2:
 266 0000 00000000 		.space	72
 266      00000000 
 266      00000000 
 266      00000000 
 266      00000000 
 267              		.text
 268              	.Letext0:
 269              		.file 2 "c:\\program files (x86)\\gnu arm embedded toolchain\\10 2021.10\\arm-none-eabi\\include\\
 270              		.file 3 "c:\\program files (x86)\\gnu arm embedded toolchain\\10 2021.10\\arm-none-eabi\\include\\
 271              		.file 4 "Drivers/CMSIS/Device/ST/STM32F1xx/Include/stm32f103x6.h"
 272              		.file 5 "Drivers/STM32F1xx_HAL_Driver/Inc/stm32f1xx_hal_def.h"
 273              		.file 6 "Drivers/STM32F1xx_HAL_Driver/Inc/stm32f1xx_hal_dma.h"
 274              		.file 7 "Drivers/STM32F1xx_HAL_Driver/Inc/stm32f1xx_hal_tim.h"
 275              		.file 8 "Drivers/STM32F1xx_HAL_Driver/Inc/stm32f1xx_hal_cortex.h"
 276              		.file 9 "Drivers/STM32F1xx_HAL_Driver/Inc/stm32f1xx_hal_tim_ex.h"
 277              		.file 10 "Inc/main.h"
 278              		.file 11 "Inc/tim.h"
ARM GAS  C:\Users\wup15j\AppData\Local\Temp\ccccTJ5p.s 			page 8


DEFINED SYMBOLS
                            *ABS*:00000000 tim.c
C:\Users\wup15j\AppData\Local\Temp\ccccTJ5p.s:18     .text.MX_TIM2_Init:00000000 $t
C:\Users\wup15j\AppData\Local\Temp\ccccTJ5p.s:24     .text.MX_TIM2_Init:00000000 MX_TIM2_Init
C:\Users\wup15j\AppData\Local\Temp\ccccTJ5p.s:136    .text.MX_TIM2_Init:0000006c $d
C:\Users\wup15j\AppData\Local\Temp\ccccTJ5p.s:141    .text.HAL_TIM_Base_MspInit:00000000 $t
C:\Users\wup15j\AppData\Local\Temp\ccccTJ5p.s:147    .text.HAL_TIM_Base_MspInit:00000000 HAL_TIM_Base_MspInit
C:\Users\wup15j\AppData\Local\Temp\ccccTJ5p.s:208    .text.HAL_TIM_Base_MspDeInit:00000000 $t
C:\Users\wup15j\AppData\Local\Temp\ccccTJ5p.s:214    .text.HAL_TIM_Base_MspDeInit:00000000 HAL_TIM_Base_MspDeInit
C:\Users\wup15j\AppData\Local\Temp\ccccTJ5p.s:255    .text.HAL_TIM_Base_MspDeInit:00000020 $d
C:\Users\wup15j\AppData\Local\Temp\ccccTJ5p.s:265    .bss.htim2:00000000 htim2
C:\Users\wup15j\AppData\Local\Temp\ccccTJ5p.s:261    .bss.htim2:00000000 $d

UNDEFINED SYMBOLS
HAL_TIM_Base_Init
HAL_TIM_ConfigClockSource
HAL_TIMEx_MasterConfigSynchronization
Error_Handler
HAL_NVIC_SetPriority
HAL_NVIC_EnableIRQ
HAL_NVIC_DisableIRQ
